22-06-03 13:12:11.576 :    1 --> Lincoln.png
22-06-03 13:12:17.227 :    2 --> building.png
22-06-03 13:12:22.373 :    3 --> butterfly.png
22-06-03 13:12:35.323 :    4 --> butterfly2.png
22-06-03 13:12:41.983 :    5 --> chip.png
22-06-03 13:12:44.946 :    6 --> comic1.png
22-06-03 13:12:47.860 :    7 --> comic2.png
22-06-03 13:12:54.291 :    8 --> comic3.png
22-06-03 13:13:06.850 :    9 --> computer.png
22-06-03 13:13:21.562 :   10 --> dog.png
22-06-03 13:13:41.104 :   11 --> dped_crop00061.png
22-06-03 13:13:52.837 :   12 --> foreman.png
22-06-03 13:14:06.093 :   13 --> frog.png
22-06-03 13:14:17.550 :   14 --> oldphoto2.png
22-06-03 13:14:22.823 :   15 --> oldphoto3.png
22-06-03 13:14:28.750 :   16 --> oldphoto6.png
22-06-03 13:14:42.090 :   17 --> painting.png
22-06-03 13:14:53.942 :   18 --> pattern.png
22-06-03 13:15:01.315 :   19 --> ppt3.png
22-06-03 13:15:12.607 :   20 --> tiger.png
22-06-03 13:18:10.629 :    1 --> Lincoln.png
22-06-03 13:18:16.086 :    2 --> building.png
22-06-03 13:18:21.184 :    3 --> butterfly.png
22-06-03 13:18:34.089 :    4 --> butterfly2.png
22-06-03 13:18:40.489 :    5 --> chip.png
22-06-03 13:18:43.410 :    6 --> comic1.png
22-06-03 13:18:46.367 :    7 --> comic2.png
22-06-03 13:18:52.809 :    8 --> comic3.png
22-06-03 13:19:05.560 :    9 --> computer.png
22-06-03 13:19:20.553 :   10 --> dog.png
22-06-03 13:19:40.024 :   11 --> dped_crop00061.png
22-06-03 13:19:51.145 :   12 --> foreman.png
22-06-03 13:20:04.196 :   13 --> frog.png
22-06-03 13:20:15.611 :   14 --> oldphoto2.png
22-06-03 13:20:20.820 :   15 --> oldphoto3.png
22-06-03 13:20:26.734 :   16 --> oldphoto6.png
22-06-03 13:20:39.893 :   17 --> painting.png
22-06-03 13:20:51.257 :   18 --> pattern.png
22-06-03 13:20:58.698 :   19 --> ppt3.png
22-06-03 13:21:09.933 :   20 --> tiger.png
22-06-03 13:34:46.202 :           GPU ID : 0
22-06-03 13:34:46.213 :    1 --> Lincoln.png
22-06-03 13:34:48.150 :    2 --> building.png
22-06-03 13:34:48.499 :    3 --> butterfly.png
22-06-03 13:34:49.385 :    4 --> butterfly2.png
22-06-03 13:34:49.840 :    5 --> chip.png
22-06-03 13:34:50.052 :    6 --> comic1.png
22-06-03 13:34:50.260 :    7 --> comic2.png
22-06-03 13:34:50.710 :    8 --> comic3.png
22-06-03 13:34:51.614 :    9 --> computer.png
22-06-03 13:34:52.688 :   10 --> dog.png
22-06-03 13:34:54.088 :   11 --> dped_crop00061.png
22-06-03 13:34:54.864 :   12 --> foreman.png
22-06-03 13:34:55.741 :   13 --> frog.png
22-06-03 13:34:56.511 :   14 --> oldphoto2.png
22-06-03 13:34:56.885 :   15 --> oldphoto3.png
22-06-03 13:34:57.295 :   16 --> oldphoto6.png
22-06-03 13:34:58.174 :   17 --> painting.png
22-06-03 13:34:58.948 :   18 --> pattern.png
22-06-03 13:34:59.450 :   19 --> ppt3.png
22-06-03 13:35:00.180 :   20 --> tiger.png
